{"C:\\Users\\natal\\Desktop\\sem6\\isi_zaf\\mini_ksiegarnia\\frontend\\src\\app\\components\\ProtectedRoute.tsx": {"path":"C:\\Users\\natal\\Desktop\\sem6\\isi_zaf\\mini_ksiegarnia\\frontend\\src\\app\\components\\ProtectedRoute.tsx","statementMap":{"0":{"start":{"line":13,"column":24},"end":{"line":13,"column":null}},"1":{"start":{"line":15,"column":2},"end":{"line":17,"column":null}},"2":{"start":{"line":16,"column":4},"end":{"line":16,"column":null}},"3":{"start":{"line":19,"column":2},"end":{"line":21,"column":null}},"4":{"start":{"line":20,"column":4},"end":{"line":20,"column":null}},"5":{"start":{"line":23,"column":2},"end":{"line":23,"column":null}}},"fnMap":{"0":{"name":"ProtectedRoute","decl":{"start":{"line":9,"column":16},"end":{"line":9,"column":31}},"loc":{"start":{"line":12,"column":10},"end":{"line":24,"column":null}},"line":12}},"branchMap":{"0":{"loc":{"start":{"line":11,"column":2},"end":{"line":11,"column":null}},"type":"default-arg","locations":[{"start":{"line":11,"column":14},"end":{"line":11,"column":null}}],"line":11},"1":{"loc":{"start":{"line":15,"column":2},"end":{"line":17,"column":null}},"type":"if","locations":[{"start":{"line":15,"column":2},"end":{"line":17,"column":null}},{"start":{},"end":{}}],"line":15},"2":{"loc":{"start":{"line":19,"column":2},"end":{"line":21,"column":null}},"type":"if","locations":[{"start":{"line":19,"column":2},"end":{"line":21,"column":null}},{"start":{},"end":{}}],"line":19},"3":{"loc":{"start":{"line":19,"column":6},"end":{"line":19,"column":29}},"type":"binary-expr","locations":[{"start":{"line":19,"column":6},"end":{"line":19,"column":19}},{"start":{"line":19,"column":19},"end":{"line":19,"column":29}}],"line":19}},"s":{"0":3,"1":3,"2":1,"3":2,"4":1,"5":1},"f":{"0":3},"b":{"0":[3],"1":[1,2],"2":[1,1],"3":[2,1]},"meta":{"lastBranch":4,"lastFunction":1,"lastStatement":6,"seen":{"f:9:16:9:31":0,"b:11:14:11:Infinity":0,"s:13:24:13:Infinity":0,"b:15:2:17:Infinity:undefined:undefined:undefined:undefined":1,"s:15:2:17:Infinity":1,"s:16:4:16:Infinity":2,"b:19:2:21:Infinity:undefined:undefined:undefined:undefined":2,"s:19:2:21:Infinity":3,"b:19:6:19:19:19:19:19:29":3,"s:20:4:20:Infinity":4,"s:23:2:23:Infinity":5},"fnNames":{}}}
,"C:\\Users\\natal\\Desktop\\sem6\\isi_zaf\\mini_ksiegarnia\\frontend\\src\\app\\pages\\Cart.tsx": {"path":"C:\\Users\\natal\\Desktop\\sem6\\isi_zaf\\mini_ksiegarnia\\frontend\\src\\app\\pages\\Cart.tsx","statementMap":{"0":{"start":{"line":9,"column":8},"end":{"line":9,"column":null}},"1":{"start":{"line":10,"column":56},"end":{"line":10,"column":null}},"2":{"start":{"line":11,"column":22},"end":{"line":11,"column":null}},"3":{"start":{"line":12,"column":15},"end":{"line":12,"column":null}},"4":{"start":{"line":13,"column":12},"end":{"line":13,"column":null}},"5":{"start":{"line":15,"column":20},"end":{"line":18,"column":null}},"6":{"start":{"line":15,"column":39},"end":{"line":18,"column":4}},"7":{"start":{"line":18,"column":21},"end":{"line":18,"column":30}},"8":{"start":{"line":20,"column":19},"end":{"line":23,"column":null}},"9":{"start":{"line":21,"column":19},"end":{"line":21,"column":null}},"10":{"start":{"line":25,"column":23},"end":{"line":25,"column":null}},"11":{"start":{"line":26,"column":14},"end":{"line":26,"column":null}},"12":{"start":{"line":27,"column":16},"end":{"line":27,"column":null}},"13":{"start":{"line":29,"column":25},"end":{"line":35,"column":null}},"14":{"start":{"line":30,"column":4},"end":{"line":33,"column":null}},"15":{"start":{"line":31,"column":6},"end":{"line":31,"column":null}},"16":{"start":{"line":32,"column":6},"end":{"line":32,"column":null}},"17":{"start":{"line":34,"column":4},"end":{"line":34,"column":null}},"18":{"start":{"line":37,"column":26},"end":{"line":48,"column":null}},"19":{"start":{"line":38,"column":4},"end":{"line":38,"column":null}},"20":{"start":{"line":38,"column":21},"end":{"line":38,"column":null}},"21":{"start":{"line":40,"column":21},"end":{"line":40,"column":null}},"22":{"start":{"line":41,"column":22},"end":{"line":41,"column":null}},"23":{"start":{"line":43,"column":4},"end":{"line":45,"column":null}},"24":{"start":{"line":44,"column":6},"end":{"line":44,"column":null}},"25":{"start":{"line":47,"column":4},"end":{"line":47,"column":null}},"26":{"start":{"line":50,"column":2},"end":{"line":66,"column":null}},"27":{"start":{"line":51,"column":4},"end":{"line":64,"column":null}},"28":{"start":{"line":58,"column":27},"end":{"line":58,"column":null}},"29":{"start":{"line":68,"column":2},"end":{"line":188,"column":null}},"30":{"start":{"line":77,"column":12},"end":{"line":137,"column":null}},"31":{"start":{"line":103,"column":39},"end":{"line":103,"column":null}},"32":{"start":{"line":110,"column":39},"end":{"line":110,"column":null}},"33":{"start":{"line":128,"column":39},"end":{"line":128,"column":null}},"34":{"start":{"line":180,"column":29},"end":{"line":180,"column":null}}},"fnMap":{"0":{"name":"Cart","decl":{"start":{"line":8,"column":16},"end":{"line":8,"column":23}},"loc":{"start":{"line":8,"column":23},"end":{"line":190,"column":null}},"line":8},"1":{"name":"(anonymous_1)","decl":{"start":{"line":15,"column":30},"end":{"line":15,"column":39}},"loc":{"start":{"line":15,"column":39},"end":{"line":18,"column":4}},"line":15},"2":{"name":"(anonymous_2)","decl":{"start":{"line":18,"column":13},"end":{"line":18,"column":21}},"loc":{"start":{"line":18,"column":21},"end":{"line":18,"column":30}},"line":18},"3":{"name":"(anonymous_3)","decl":{"start":{"line":21,"column":4},"end":{"line":21,"column":5}},"loc":{"start":{"line":21,"column":19},"end":{"line":21,"column":null}},"line":21},"4":{"name":"(anonymous_4)","decl":{"start":{"line":29,"column":25},"end":{"line":29,"column":31}},"loc":{"start":{"line":29,"column":31},"end":{"line":35,"column":null}},"line":29},"5":{"name":"(anonymous_5)","decl":{"start":{"line":37,"column":26},"end":{"line":37,"column":27}},"loc":{"start":{"line":37,"column":45},"end":{"line":48,"column":null}},"line":37},"6":{"name":"(anonymous_6)","decl":{"start":{"line":58,"column":21},"end":{"line":58,"column":27}},"loc":{"start":{"line":58,"column":27},"end":{"line":58,"column":null}},"line":58},"7":{"name":"(anonymous_7)","decl":{"start":{"line":76,"column":25},"end":{"line":76,"column":26}},"loc":{"start":{"line":77,"column":12},"end":{"line":137,"column":null}},"line":77},"8":{"name":"(anonymous_8)","decl":{"start":{"line":103,"column":33},"end":{"line":103,"column":39}},"loc":{"start":{"line":103,"column":39},"end":{"line":103,"column":null}},"line":103},"9":{"name":"(anonymous_9)","decl":{"start":{"line":110,"column":33},"end":{"line":110,"column":39}},"loc":{"start":{"line":110,"column":39},"end":{"line":110,"column":null}},"line":110},"10":{"name":"(anonymous_10)","decl":{"start":{"line":128,"column":33},"end":{"line":128,"column":39}},"loc":{"start":{"line":128,"column":39},"end":{"line":128,"column":null}},"line":128},"11":{"name":"(anonymous_11)","decl":{"start":{"line":180,"column":23},"end":{"line":180,"column":29}},"loc":{"start":{"line":180,"column":29},"end":{"line":180,"column":null}},"line":180}},"branchMap":{"0":{"loc":{"start":{"line":25,"column":23},"end":{"line":25,"column":null}},"type":"cond-expr","locations":[{"start":{"line":25,"column":40},"end":{"line":25,"column":44}},{"start":{"line":25,"column":44},"end":{"line":25,"column":null}}],"line":25},"1":{"loc":{"start":{"line":30,"column":4},"end":{"line":33,"column":null}},"type":"if","locations":[{"start":{"line":30,"column":4},"end":{"line":33,"column":null}},{"start":{},"end":{}}],"line":30},"2":{"loc":{"start":{"line":38,"column":4},"end":{"line":38,"column":null}},"type":"if","locations":[{"start":{"line":38,"column":4},"end":{"line":38,"column":null}},{"start":{},"end":{}}],"line":38},"3":{"loc":{"start":{"line":43,"column":4},"end":{"line":45,"column":null}},"type":"if","locations":[{"start":{"line":43,"column":4},"end":{"line":45,"column":null}},{"start":{},"end":{}}],"line":43},"4":{"loc":{"start":{"line":43,"column":8},"end":{"line":43,"column":79}},"type":"binary-expr","locations":[{"start":{"line":43,"column":8},"end":{"line":43,"column":25}},{"start":{"line":43,"column":25},"end":{"line":43,"column":43}},{"start":{"line":43,"column":43},"end":{"line":43,"column":61}},{"start":{"line":43,"column":61},"end":{"line":43,"column":79}}],"line":43},"5":{"loc":{"start":{"line":50,"column":2},"end":{"line":66,"column":null}},"type":"if","locations":[{"start":{"line":50,"column":2},"end":{"line":66,"column":null}},{"start":{},"end":{}}],"line":50},"6":{"loc":{"start":{"line":80,"column":19},"end":{"line":89,"column":null}},"type":"cond-expr","locations":[{"start":{"line":81,"column":20},"end":{"line":85,"column":null}},{"start":{"line":87,"column":20},"end":{"line":89,"column":null}}],"line":80},"7":{"loc":{"start":{"line":156,"column":23},"end":{"line":156,"column":93}},"type":"cond-expr","locations":[{"start":{"line":156,"column":44},"end":{"line":156,"column":61}},{"start":{"line":156,"column":61},"end":{"line":156,"column":93}}],"line":156},"8":{"loc":{"start":{"line":158,"column":15},"end":{"line":161,"column":null}},"type":"binary-expr","locations":[{"start":{"line":158,"column":15},"end":{"line":158,"column":null}},{"start":{"line":159,"column":16},"end":{"line":161,"column":null}}],"line":158}},"s":{"0":1,"1":1,"2":1,"3":1,"4":1,"5":1,"6":0,"7":0,"8":1,"9":0,"10":1,"11":1,"12":1,"13":1,"14":0,"15":0,"16":0,"17":0,"18":1,"19":0,"20":0,"21":0,"22":0,"23":0,"24":0,"25":0,"26":1,"27":1,"28":0,"29":0,"30":0,"31":0,"32":0,"33":0,"34":0},"f":{"0":1,"1":0,"2":0,"3":0,"4":0,"5":0,"6":0,"7":0,"8":0,"9":0,"10":0,"11":0},"b":{"0":[0,1],"1":[0,0],"2":[0,0],"3":[0,0],"4":[0,0,0,0],"5":[1,0],"6":[0,0],"7":[0,0],"8":[1,0]},"meta":{"lastBranch":9,"lastFunction":12,"lastStatement":35,"seen":{"f:8:16:8:23":0,"s:9:8:9:Infinity":0,"s:10:56:10:Infinity":1,"s:11:22:11:Infinity":2,"s:12:15:12:Infinity":3,"s:13:12:13:Infinity":4,"s:15:20:18:Infinity":5,"f:15:30:15:39":1,"s:15:39:18:4":6,"f:18:13:18:21":2,"s:18:21:18:30":7,"s:20:19:23:Infinity":8,"f:21:4:21:5":3,"s:21:19:21:Infinity":9,"s:25:23:25:Infinity":10,"b:25:40:25:44:25:44:25:Infinity":0,"s:26:14:26:Infinity":11,"s:27:16:27:Infinity":12,"s:29:25:35:Infinity":13,"f:29:25:29:31":4,"b:30:4:33:Infinity:undefined:undefined:undefined:undefined":1,"s:30:4:33:Infinity":14,"s:31:6:31:Infinity":15,"s:32:6:32:Infinity":16,"s:34:4:34:Infinity":17,"s:37:26:48:Infinity":18,"f:37:26:37:27":5,"b:38:4:38:Infinity:undefined:undefined:undefined:undefined":2,"s:38:4:38:Infinity":19,"s:38:21:38:Infinity":20,"s:40:21:40:Infinity":21,"s:41:22:41:Infinity":22,"b:43:4:45:Infinity:undefined:undefined:undefined:undefined":3,"s:43:4:45:Infinity":23,"b:43:8:43:25:43:25:43:43:43:43:43:61:43:61:43:79":4,"s:44:6:44:Infinity":24,"s:47:4:47:Infinity":25,"b:50:2:66:Infinity:undefined:undefined:undefined:undefined":5,"s:50:2:66:Infinity":26,"s:51:4:64:Infinity":27,"f:58:21:58:27":6,"s:58:27:58:Infinity":28,"s:68:2:188:Infinity":29,"f:76:25:76:26":7,"s:77:12:137:Infinity":30,"b:81:20:85:Infinity:87:20:89:Infinity":6,"f:103:33:103:39":8,"s:103:39:103:Infinity":31,"f:110:33:110:39":9,"s:110:39:110:Infinity":32,"f:128:33:128:39":10,"s:128:39:128:Infinity":33,"b:156:44:156:61:156:61:156:93":7,"b:158:15:158:Infinity:159:16:161:Infinity":8,"f:180:23:180:29":11,"s:180:29:180:Infinity":34},"fnNames":{}}}
,"C:\\Users\\natal\\Desktop\\sem6\\isi_zaf\\mini_ksiegarnia\\frontend\\src\\app\\pages\\Checkout.tsx": {"path":"C:\\Users\\natal\\Desktop\\sem6\\isi_zaf\\mini_ksiegarnia\\frontend\\src\\app\\pages\\Checkout.tsx","statementMap":{"0":{"start":{"line":19,"column":8},"end":{"line":19,"column":null}},"1":{"start":{"line":20,"column":22},"end":{"line":20,"column":null}},"2":{"start":{"line":21,"column":15},"end":{"line":21,"column":null}},"3":{"start":{"line":22,"column":12},"end":{"line":22,"column":null}},"4":{"start":{"line":23,"column":21},"end":{"line":23,"column":null}},"5":{"start":{"line":24,"column":22},"end":{"line":24,"column":null}},"6":{"start":{"line":25,"column":38},"end":{"line":25,"column":null}},"7":{"start":{"line":26,"column":40},"end":{"line":26,"column":null}},"8":{"start":{"line":27,"column":42},"end":{"line":27,"column":null}},"9":{"start":{"line":28,"column":37},"end":{"line":28,"column":null}},"10":{"start":{"line":29,"column":38},"end":{"line":29,"column":null}},"11":{"start":{"line":35,"column":2},"end":{"line":42,"column":null}},"12":{"start":{"line":44,"column":0},"end":{"line":71,"column":null}},"13":{"start":{"line":45,"column":26},"end":{"line":68,"column":null}},"14":{"start":{"line":46,"column":4},"end":{"line":46,"column":null}},"15":{"start":{"line":46,"column":19},"end":{"line":46,"column":null}},"16":{"start":{"line":48,"column":4},"end":{"line":67,"column":null}},"17":{"start":{"line":49,"column":23},"end":{"line":51,"column":null}},"18":{"start":{"line":53,"column":24},"end":{"line":53,"column":null}},"19":{"start":{"line":55,"column":6},"end":{"line":64,"column":null}},"20":{"start":{"line":56,"column":28},"end":{"line":56,"column":null}},"21":{"start":{"line":58,"column":8},"end":{"line":63,"column":null}},"22":{"start":{"line":66,"column":6},"end":{"line":66,"column":null}},"23":{"start":{"line":70,"column":2},"end":{"line":70,"column":null}},"24":{"start":{"line":73,"column":20},"end":{"line":93,"column":null}},"25":{"start":{"line":74,"column":2},"end":{"line":92,"column":null}},"26":{"start":{"line":75,"column":4},"end":{"line":78,"column":null}},"27":{"start":{"line":76,"column":6},"end":{"line":76,"column":null}},"28":{"start":{"line":77,"column":6},"end":{"line":77,"column":null}},"29":{"start":{"line":80,"column":4},"end":{"line":86,"column":null}},"30":{"start":{"line":88,"column":4},"end":{"line":88,"column":null}},"31":{"start":{"line":90,"column":4},"end":{"line":90,"column":null}},"32":{"start":{"line":91,"column":4},"end":{"line":91,"column":null}},"33":{"start":{"line":95,"column":20},"end":{"line":98,"column":null}},"34":{"start":{"line":95,"column":39},"end":{"line":98,"column":4}},"35":{"start":{"line":98,"column":21},"end":{"line":98,"column":30}},"36":{"start":{"line":100,"column":19},"end":{"line":103,"column":null}},"37":{"start":{"line":101,"column":19},"end":{"line":101,"column":null}},"38":{"start":{"line":105,"column":48},"end":{"line":109,"column":null}},"39":{"start":{"line":111,"column":23},"end":{"line":111,"column":null}},"40":{"start":{"line":112,"column":14},"end":{"line":112,"column":null}},"41":{"start":{"line":113,"column":16},"end":{"line":113,"column":null}},"42":{"start":{"line":115,"column":27},"end":{"line":160,"column":null}},"43":{"start":{"line":116,"column":4},"end":{"line":116,"column":null}},"44":{"start":{"line":118,"column":4},"end":{"line":159,"column":null}},"45":{"start":{"line":119,"column":34},"end":{"line":119,"column":null}},"46":{"start":{"line":120,"column":27},"end":{"line":120,"column":null}},"47":{"start":{"line":122,"column":6},"end":{"line":139,"column":null}},"48":{"start":{"line":123,"column":33},"end":{"line":134,"column":null}},"49":{"start":{"line":136,"column":8},"end":{"line":138,"column":null}},"50":{"start":{"line":137,"column":10},"end":{"line":137,"column":null}},"51":{"start":{"line":141,"column":6},"end":{"line":148,"column":null}},"52":{"start":{"line":142,"column":8},"end":{"line":147,"column":null}},"53":{"start":{"line":150,"column":6},"end":{"line":150,"column":null}},"54":{"start":{"line":151,"column":6},"end":{"line":151,"column":null}},"55":{"start":{"line":154,"column":6},"end":{"line":154,"column":null}},"56":{"start":{"line":155,"column":6},"end":{"line":155,"column":null}},"57":{"start":{"line":156,"column":6},"end":{"line":156,"column":null}},"58":{"start":{"line":158,"column":6},"end":{"line":158,"column":null}},"59":{"start":{"line":163,"column":2},"end":{"line":166,"column":null}},"60":{"start":{"line":164,"column":4},"end":{"line":164,"column":null}},"61":{"start":{"line":165,"column":4},"end":{"line":165,"column":null}},"62":{"start":{"line":168,"column":2},"end":{"line":188,"column":null}},"63":{"start":{"line":169,"column":4},"end":{"line":186,"column":null}},"64":{"start":{"line":180,"column":27},"end":{"line":180,"column":null}},"65":{"start":{"line":189,"column":2},"end":{"line":197,"column":null}},"66":{"start":{"line":190,"column":4},"end":{"line":195,"column":null}},"67":{"start":{"line":199,"column":2},"end":{"line":227,"column":null}},"68":{"start":{"line":200,"column":4},"end":{"line":225,"column":null}},"69":{"start":{"line":212,"column":29},"end":{"line":212,"column":null}},"70":{"start":{"line":218,"column":29},"end":{"line":218,"column":null}},"71":{"start":{"line":229,"column":2},"end":{"line":503,"column":null}},"72":{"start":{"line":357,"column":20},"end":{"line":378,"column":null}},"73":{"start":{"line":370,"column":43},"end":{"line":370,"column":null}},"74":{"start":{"line":411,"column":37},"end":{"line":411,"column":null}},"75":{"start":{"line":431,"column":37},"end":{"line":431,"column":null}},"76":{"start":{"line":444,"column":33},"end":{"line":444,"column":null}},"77":{"start":{"line":468,"column":16},"end":{"line":475,"column":null}}},"fnMap":{"0":{"name":"Checkout","decl":{"start":{"line":18,"column":16},"end":{"line":18,"column":27}},"loc":{"start":{"line":18,"column":27},"end":{"line":505,"column":null}},"line":18},"1":{"name":"(anonymous_1)","decl":{"start":{"line":44,"column":10},"end":{"line":44,"column":16}},"loc":{"start":{"line":44,"column":16},"end":{"line":71,"column":3}},"line":44},"2":{"name":"(anonymous_2)","decl":{"start":{"line":45,"column":26},"end":{"line":45,"column":38}},"loc":{"start":{"line":45,"column":38},"end":{"line":68,"column":null}},"line":45},"3":{"name":"(anonymous_3)","decl":{"start":{"line":73,"column":20},"end":{"line":73,"column":27}},"loc":{"start":{"line":73,"column":49},"end":{"line":93,"column":null}},"line":73},"4":{"name":"(anonymous_4)","decl":{"start":{"line":95,"column":30},"end":{"line":95,"column":39}},"loc":{"start":{"line":95,"column":39},"end":{"line":98,"column":4}},"line":95},"5":{"name":"(anonymous_5)","decl":{"start":{"line":98,"column":13},"end":{"line":98,"column":21}},"loc":{"start":{"line":98,"column":21},"end":{"line":98,"column":30}},"line":98},"6":{"name":"(anonymous_6)","decl":{"start":{"line":101,"column":4},"end":{"line":101,"column":5}},"loc":{"start":{"line":101,"column":19},"end":{"line":101,"column":null}},"line":101},"7":{"name":"(anonymous_7)","decl":{"start":{"line":115,"column":27},"end":{"line":115,"column":39}},"loc":{"start":{"line":115,"column":39},"end":{"line":160,"column":null}},"line":115},"8":{"name":"(anonymous_8)","decl":{"start":{"line":180,"column":21},"end":{"line":180,"column":27}},"loc":{"start":{"line":180,"column":27},"end":{"line":180,"column":null}},"line":180},"9":{"name":"(anonymous_9)","decl":{"start":{"line":212,"column":23},"end":{"line":212,"column":29}},"loc":{"start":{"line":212,"column":29},"end":{"line":212,"column":null}},"line":212},"10":{"name":"(anonymous_10)","decl":{"start":{"line":218,"column":23},"end":{"line":218,"column":29}},"loc":{"start":{"line":218,"column":29},"end":{"line":218,"column":null}},"line":218},"11":{"name":"(anonymous_11)","decl":{"start":{"line":356,"column":24},"end":{"line":356,"column":25}},"loc":{"start":{"line":357,"column":20},"end":{"line":378,"column":null}},"line":357},"12":{"name":"(anonymous_12)","decl":{"start":{"line":370,"column":36},"end":{"line":370,"column":37}},"loc":{"start":{"line":370,"column":43},"end":{"line":370,"column":null}},"line":370},"13":{"name":"(anonymous_13)","decl":{"start":{"line":411,"column":30},"end":{"line":411,"column":31}},"loc":{"start":{"line":411,"column":37},"end":{"line":411,"column":null}},"line":411},"14":{"name":"(anonymous_14)","decl":{"start":{"line":431,"column":30},"end":{"line":431,"column":31}},"loc":{"start":{"line":431,"column":37},"end":{"line":431,"column":null}},"line":431},"15":{"name":"(anonymous_15)","decl":{"start":{"line":444,"column":27},"end":{"line":444,"column":33}},"loc":{"start":{"line":444,"column":33},"end":{"line":444,"column":null}},"line":444},"16":{"name":"(anonymous_16)","decl":{"start":{"line":467,"column":29},"end":{"line":467,"column":30}},"loc":{"start":{"line":468,"column":16},"end":{"line":475,"column":null}},"line":468}},"branchMap":{"0":{"loc":{"start":{"line":46,"column":4},"end":{"line":46,"column":null}},"type":"if","locations":[{"start":{"line":46,"column":4},"end":{"line":46,"column":null}},{"start":{},"end":{}}],"line":46},"1":{"loc":{"start":{"line":55,"column":6},"end":{"line":64,"column":null}},"type":"if","locations":[{"start":{"line":55,"column":6},"end":{"line":64,"column":null}},{"start":{},"end":{}}],"line":55},"2":{"loc":{"start":{"line":75,"column":4},"end":{"line":78,"column":null}},"type":"if","locations":[{"start":{"line":75,"column":4},"end":{"line":78,"column":null}},{"start":{},"end":{}}],"line":75},"3":{"loc":{"start":{"line":111,"column":23},"end":{"line":111,"column":null}},"type":"cond-expr","locations":[{"start":{"line":111,"column":40},"end":{"line":111,"column":44}},{"start":{"line":111,"column":44},"end":{"line":111,"column":null}}],"line":111},"4":{"loc":{"start":{"line":122,"column":6},"end":{"line":139,"column":null}},"type":"if","locations":[{"start":{"line":122,"column":6},"end":{"line":139,"column":null}},{"start":{},"end":{}}],"line":122},"5":{"loc":{"start":{"line":122,"column":10},"end":{"line":122,"column":54}},"type":"binary-expr","locations":[{"start":{"line":122,"column":10},"end":{"line":122,"column":40}},{"start":{"line":122,"column":40},"end":{"line":122,"column":54}}],"line":122},"6":{"loc":{"start":{"line":136,"column":8},"end":{"line":138,"column":null}},"type":"if","locations":[{"start":{"line":136,"column":8},"end":{"line":138,"column":null}},{"start":{},"end":{}}],"line":136},"7":{"loc":{"start":{"line":141,"column":6},"end":{"line":148,"column":null}},"type":"if","locations":[{"start":{"line":141,"column":6},"end":{"line":148,"column":null}},{"start":{},"end":{}}],"line":141},"8":{"loc":{"start":{"line":141,"column":10},"end":{"line":141,"column":55}},"type":"binary-expr","locations":[{"start":{"line":141,"column":10},"end":{"line":141,"column":41}},{"start":{"line":141,"column":41},"end":{"line":141,"column":55}}],"line":141},"9":{"loc":{"start":{"line":163,"column":2},"end":{"line":166,"column":null}},"type":"if","locations":[{"start":{"line":163,"column":2},"end":{"line":166,"column":null}},{"start":{},"end":{}}],"line":163},"10":{"loc":{"start":{"line":163,"column":6},"end":{"line":163,"column":48}},"type":"binary-expr","locations":[{"start":{"line":163,"column":6},"end":{"line":163,"column":28}},{"start":{"line":163,"column":28},"end":{"line":163,"column":48}}],"line":163},"11":{"loc":{"start":{"line":168,"column":2},"end":{"line":188,"column":null}},"type":"if","locations":[{"start":{"line":168,"column":2},"end":{"line":188,"column":null}},{"start":{},"end":{}}],"line":168},"12":{"loc":{"start":{"line":189,"column":2},"end":{"line":197,"column":null}},"type":"if","locations":[{"start":{"line":189,"column":2},"end":{"line":197,"column":null}},{"start":{},"end":{}}],"line":189},"13":{"loc":{"start":{"line":199,"column":2},"end":{"line":227,"column":null}},"type":"if","locations":[{"start":{"line":199,"column":2},"end":{"line":227,"column":null}},{"start":{},"end":{}}],"line":199},"14":{"loc":{"start":{"line":236,"column":12},"end":{"line":236,"column":null}},"type":"cond-expr","locations":[{"start":{"line":236,"column":33},"end":{"line":236,"column":60}},{"start":{"line":236,"column":60},"end":{"line":236,"column":null}}],"line":236},"15":{"loc":{"start":{"line":240,"column":38},"end":{"line":240,"column":88}},"type":"cond-expr","locations":[{"start":{"line":240,"column":59},"end":{"line":240,"column":75}},{"start":{"line":240,"column":75},"end":{"line":240,"column":88}}],"line":240},"16":{"loc":{"start":{"line":242,"column":12},"end":{"line":242,"column":null}},"type":"cond-expr","locations":[{"start":{"line":242,"column":33},"end":{"line":242,"column":60}},{"start":{"line":242,"column":60},"end":{"line":242,"column":null}}],"line":242},"17":{"loc":{"start":{"line":251,"column":11},"end":{"line":389,"column":null}},"type":"binary-expr","locations":[{"start":{"line":251,"column":11},"end":{"line":251,"column":null}},{"start":{"line":252,"column":12},"end":{"line":389,"column":null}}],"line":251},"18":{"loc":{"start":{"line":275,"column":19},"end":{"line":276,"column":null}},"type":"binary-expr","locations":[{"start":{"line":275,"column":19},"end":{"line":275,"column":null}},{"start":{"line":276,"column":20},"end":{"line":276,"column":null}}],"line":275},"19":{"loc":{"start":{"line":297,"column":21},"end":{"line":298,"column":null}},"type":"binary-expr","locations":[{"start":{"line":297,"column":21},"end":{"line":297,"column":null}},{"start":{"line":298,"column":22},"end":{"line":298,"column":null}}],"line":297},"20":{"loc":{"start":{"line":318,"column":21},"end":{"line":319,"column":null}},"type":"binary-expr","locations":[{"start":{"line":318,"column":21},"end":{"line":318,"column":null}},{"start":{"line":319,"column":22},"end":{"line":319,"column":null}}],"line":318},"21":{"loc":{"start":{"line":339,"column":19},"end":{"line":340,"column":null}},"type":"binary-expr","locations":[{"start":{"line":339,"column":19},"end":{"line":339,"column":null}},{"start":{"line":340,"column":20},"end":{"line":340,"column":null}}],"line":339},"22":{"loc":{"start":{"line":360,"column":24},"end":{"line":361,"column":null}},"type":"cond-expr","locations":[{"start":{"line":360,"column":55},"end":{"line":360,"column":null}},{"start":{"line":361,"column":2},"end":{"line":361,"column":null}}],"line":360},"23":{"loc":{"start":{"line":376,"column":25},"end":{"line":376,"column":null}},"type":"cond-expr","locations":[{"start":{"line":376,"column":42},"end":{"line":376,"column":63}},{"start":{"line":376,"column":63},"end":{"line":376,"column":null}}],"line":376},"24":{"loc":{"start":{"line":392,"column":11},"end":{"line":458,"column":null}},"type":"binary-expr","locations":[{"start":{"line":392,"column":11},"end":{"line":392,"column":null}},{"start":{"line":393,"column":12},"end":{"line":458,"column":null}}],"line":392},"25":{"loc":{"start":{"line":402,"column":20},"end":{"line":403,"column":null}},"type":"cond-expr","locations":[{"start":{"line":402,"column":49},"end":{"line":402,"column":null}},{"start":{"line":403,"column":2},"end":{"line":403,"column":null}}],"line":402},"26":{"loc":{"start":{"line":422,"column":20},"end":{"line":423,"column":null}},"type":"cond-expr","locations":[{"start":{"line":422,"column":50},"end":{"line":422,"column":null}},{"start":{"line":423,"column":2},"end":{"line":423,"column":null}}],"line":422},"27":{"loc":{"start":{"line":490,"column":23},"end":{"line":490,"column":97}},"type":"cond-expr","locations":[{"start":{"line":490,"column":44},"end":{"line":490,"column":65}},{"start":{"line":490,"column":65},"end":{"line":490,"column":97}}],"line":490}},"s":{"0":1,"1":1,"2":1,"3":1,"4":1,"5":1,"6":1,"7":1,"8":1,"9":1,"10":1,"11":1,"12":1,"13":1,"14":1,"15":0,"16":1,"17":1,"18":1,"19":1,"20":0,"21":0,"22":0,"23":1,"24":1,"25":0,"26":0,"27":0,"28":0,"29":0,"30":0,"31":0,"32":0,"33":1,"34":1,"35":1,"36":1,"37":1,"38":1,"39":1,"40":1,"41":1,"42":1,"43":0,"44":0,"45":0,"46":0,"47":0,"48":0,"49":0,"50":0,"51":0,"52":0,"53":0,"54":0,"55":0,"56":0,"57":0,"58":0,"59":1,"60":0,"61":0,"62":1,"63":0,"64":0,"65":1,"66":0,"67":1,"68":0,"69":0,"70":0,"71":1,"72":3,"73":0,"74":0,"75":0,"76":0,"77":1},"f":{"0":1,"1":1,"2":1,"3":0,"4":1,"5":1,"6":1,"7":0,"8":0,"9":0,"10":0,"11":3,"12":0,"13":0,"14":0,"15":0,"16":1},"b":{"0":[0,1],"1":[0,1],"2":[0,0],"3":[0,1],"4":[0,0],"5":[0,0],"6":[0,0],"7":[0,0],"8":[0,0],"9":[0,1],"10":[1,0],"11":[0,1],"12":[0,1],"13":[0,1],"14":[1,0],"15":[0,1],"16":[0,1],"17":[1,1],"18":[1,0],"19":[1,0],"20":[1,0],"21":[1,0],"22":[1,2],"23":[0,3],"24":[1,0],"25":[0,0],"26":[0,0],"27":[0,1]},"meta":{"lastBranch":28,"lastFunction":17,"lastStatement":78,"seen":{"f:18:16:18:27":0,"s:19:8:19:Infinity":0,"s:20:22:20:Infinity":1,"s:21:15:21:Infinity":2,"s:22:12:22:Infinity":3,"s:23:21:23:Infinity":4,"s:24:22:24:Infinity":5,"s:25:38:25:Infinity":6,"s:26:40:26:Infinity":7,"s:27:42:27:Infinity":8,"s:28:37:28:Infinity":9,"s:29:38:29:Infinity":10,"s:35:2:42:Infinity":11,"s:44:0:71:Infinity":12,"f:44:10:44:16":1,"s:45:26:68:Infinity":13,"f:45:26:45:38":2,"b:46:4:46:Infinity:undefined:undefined:undefined:undefined":0,"s:46:4:46:Infinity":14,"s:46:19:46:Infinity":15,"s:48:4:67:Infinity":16,"s:49:23:51:Infinity":17,"s:53:24:53:Infinity":18,"b:55:6:64:Infinity:undefined:undefined:undefined:undefined":1,"s:55:6:64:Infinity":19,"s:56:28:56:Infinity":20,"s:58:8:63:Infinity":21,"s:66:6:66:Infinity":22,"s:70:2:70:Infinity":23,"s:73:20:93:Infinity":24,"f:73:20:73:27":3,"s:74:2:92:Infinity":25,"b:75:4:78:Infinity:undefined:undefined:undefined:undefined":2,"s:75:4:78:Infinity":26,"s:76:6:76:Infinity":27,"s:77:6:77:Infinity":28,"s:80:4:86:Infinity":29,"s:88:4:88:Infinity":30,"s:90:4:90:Infinity":31,"s:91:4:91:Infinity":32,"s:95:20:98:Infinity":33,"f:95:30:95:39":4,"s:95:39:98:4":34,"f:98:13:98:21":5,"s:98:21:98:30":35,"s:100:19:103:Infinity":36,"f:101:4:101:5":6,"s:101:19:101:Infinity":37,"s:105:48:109:Infinity":38,"s:111:23:111:Infinity":39,"b:111:40:111:44:111:44:111:Infinity":3,"s:112:14:112:Infinity":40,"s:113:16:113:Infinity":41,"s:115:27:160:Infinity":42,"f:115:27:115:39":7,"s:116:4:116:Infinity":43,"s:118:4:159:Infinity":44,"s:119:34:119:Infinity":45,"s:120:27:120:Infinity":46,"b:122:6:139:Infinity:undefined:undefined:undefined:undefined":4,"s:122:6:139:Infinity":47,"b:122:10:122:40:122:40:122:54":5,"s:123:33:134:Infinity":48,"b:136:8:138:Infinity:undefined:undefined:undefined:undefined":6,"s:136:8:138:Infinity":49,"s:137:10:137:Infinity":50,"b:141:6:148:Infinity:undefined:undefined:undefined:undefined":7,"s:141:6:148:Infinity":51,"b:141:10:141:41:141:41:141:55":8,"s:142:8:147:Infinity":52,"s:150:6:150:Infinity":53,"s:151:6:151:Infinity":54,"s:154:6:154:Infinity":55,"s:155:6:155:Infinity":56,"s:156:6:156:Infinity":57,"s:158:6:158:Infinity":58,"b:163:2:166:Infinity:undefined:undefined:undefined:undefined":9,"s:163:2:166:Infinity":59,"b:163:6:163:28:163:28:163:48":10,"s:164:4:164:Infinity":60,"s:165:4:165:Infinity":61,"b:168:2:188:Infinity:undefined:undefined:undefined:undefined":11,"s:168:2:188:Infinity":62,"s:169:4:186:Infinity":63,"f:180:21:180:27":8,"s:180:27:180:Infinity":64,"b:189:2:197:Infinity:undefined:undefined:undefined:undefined":12,"s:189:2:197:Infinity":65,"s:190:4:195:Infinity":66,"b:199:2:227:Infinity:undefined:undefined:undefined:undefined":13,"s:199:2:227:Infinity":67,"s:200:4:225:Infinity":68,"f:212:23:212:29":9,"s:212:29:212:Infinity":69,"f:218:23:218:29":10,"s:218:29:218:Infinity":70,"s:229:2:503:Infinity":71,"b:236:33:236:60:236:60:236:Infinity":14,"b:240:59:240:75:240:75:240:88":15,"b:242:33:242:60:242:60:242:Infinity":16,"b:251:11:251:Infinity:252:12:389:Infinity":17,"b:275:19:275:Infinity:276:20:276:Infinity":18,"b:297:21:297:Infinity:298:22:298:Infinity":19,"b:318:21:318:Infinity:319:22:319:Infinity":20,"b:339:19:339:Infinity:340:20:340:Infinity":21,"f:356:24:356:25":11,"s:357:20:378:Infinity":72,"b:360:55:360:Infinity:361:2:361:Infinity":22,"f:370:36:370:37":12,"s:370:43:370:Infinity":73,"b:376:42:376:63:376:63:376:Infinity":23,"b:392:11:392:Infinity:393:12:458:Infinity":24,"b:402:49:402:Infinity:403:2:403:Infinity":25,"f:411:30:411:31":13,"s:411:37:411:Infinity":74,"b:422:50:422:Infinity:423:2:423:Infinity":26,"f:431:30:431:31":14,"s:431:37:431:Infinity":75,"f:444:27:444:33":15,"s:444:33:444:Infinity":76,"f:467:29:467:30":16,"s:468:16:475:Infinity":77,"b:490:44:490:65:490:65:490:97":27},"fnNames":{}}}
,"C:\\Users\\natal\\Desktop\\sem6\\isi_zaf\\mini_ksiegarnia\\frontend\\src\\app\\pages\\Home.tsx": {"path":"C:\\Users\\natal\\Desktop\\sem6\\isi_zaf\\mini_ksiegarnia\\frontend\\src\\app\\pages\\Home.tsx","statementMap":{"0":{"start":{"line":7,"column":16},"end":{"line":7,"column":null}},"1":{"start":{"line":8,"column":46},"end":{"line":8,"column":null}},"2":{"start":{"line":9,"column":36},"end":{"line":9,"column":null}},"3":{"start":{"line":10,"column":12},"end":{"line":10,"column":null}},"4":{"start":{"line":12,"column":21},"end":{"line":12,"column":null}},"5":{"start":{"line":12,"column":66},"end":{"line":12,"column":76}},"6":{"start":{"line":14,"column":24},"end":{"line":25,"column":null}},"7":{"start":{"line":15,"column":25},"end":{"line":15,"column":null}},"8":{"start":{"line":16,"column":28},"end":{"line":16,"column":null}},"9":{"start":{"line":18,"column":22},"end":{"line":18,"column":null}},"10":{"start":{"line":19,"column":23},"end":{"line":19,"column":null}},"11":{"start":{"line":21,"column":26},"end":{"line":22,"column":null}},"12":{"start":{"line":24,"column":4},"end":{"line":24,"column":null}},"13":{"start":{"line":27,"column":2},"end":{"line":82,"column":null}},"14":{"start":{"line":41,"column":27},"end":{"line":41,"column":null}},"15":{"start":{"line":50,"column":12},"end":{"line":60,"column":null}},"16":{"start":{"line":52,"column":29},"end":{"line":52,"column":null}},"17":{"start":{"line":74,"column":12},"end":{"line":74,"column":null}}},"fnMap":{"0":{"name":"Home","decl":{"start":{"line":6,"column":16},"end":{"line":6,"column":23}},"loc":{"start":{"line":6,"column":23},"end":{"line":84,"column":null}},"line":6},"1":{"name":"(anonymous_1)","decl":{"start":{"line":12,"column":61},"end":{"line":12,"column":66}},"loc":{"start":{"line":12,"column":66},"end":{"line":12,"column":76}},"line":12},"2":{"name":"(anonymous_2)","decl":{"start":{"line":14,"column":37},"end":{"line":14,"column":45}},"loc":{"start":{"line":14,"column":45},"end":{"line":25,"column":3}},"line":14},"3":{"name":"(anonymous_3)","decl":{"start":{"line":41,"column":20},"end":{"line":41,"column":21}},"loc":{"start":{"line":41,"column":27},"end":{"line":41,"column":null}},"line":41},"4":{"name":"(anonymous_4)","decl":{"start":{"line":49,"column":26},"end":{"line":49,"column":27}},"loc":{"start":{"line":50,"column":12},"end":{"line":60,"column":null}},"line":50},"5":{"name":"(anonymous_5)","decl":{"start":{"line":52,"column":23},"end":{"line":52,"column":29}},"loc":{"start":{"line":52,"column":29},"end":{"line":52,"column":null}},"line":52},"6":{"name":"(anonymous_6)","decl":{"start":{"line":73,"column":29},"end":{"line":73,"column":30}},"loc":{"start":{"line":74,"column":12},"end":{"line":74,"column":null}},"line":74}},"branchMap":{"0":{"loc":{"start":{"line":15,"column":25},"end":{"line":15,"column":null}},"type":"binary-expr","locations":[{"start":{"line":15,"column":25},"end":{"line":15,"column":42}},{"start":{"line":15,"column":42},"end":{"line":15,"column":null}}],"line":15},"1":{"loc":{"start":{"line":16,"column":28},"end":{"line":16,"column":null}},"type":"binary-expr","locations":[{"start":{"line":16,"column":28},"end":{"line":16,"column":58}},{"start":{"line":16,"column":58},"end":{"line":16,"column":null}}],"line":16},"2":{"loc":{"start":{"line":18,"column":22},"end":{"line":18,"column":null}},"type":"binary-expr","locations":[{"start":{"line":18,"column":22},"end":{"line":18,"column":36}},{"start":{"line":18,"column":36},"end":{"line":18,"column":null}}],"line":18},"3":{"loc":{"start":{"line":19,"column":23},"end":{"line":19,"column":null}},"type":"binary-expr","locations":[{"start":{"line":19,"column":23},"end":{"line":19,"column":38}},{"start":{"line":19,"column":38},"end":{"line":19,"column":null}}],"line":19},"4":{"loc":{"start":{"line":21,"column":26},"end":{"line":22,"column":null}},"type":"binary-expr","locations":[{"start":{"line":21,"column":26},"end":{"line":21,"column":null}},{"start":{"line":22,"column":25},"end":{"line":22,"column":null}}],"line":21},"5":{"loc":{"start":{"line":24,"column":11},"end":{"line":24,"column":null}},"type":"binary-expr","locations":[{"start":{"line":24,"column":11},"end":{"line":24,"column":30}},{"start":{"line":24,"column":30},"end":{"line":24,"column":null}}],"line":24},"6":{"loc":{"start":{"line":54,"column":16},"end":{"line":56,"column":null}},"type":"cond-expr","locations":[{"start":{"line":55,"column":20},"end":{"line":55,"column":null}},{"start":{"line":56,"column":20},"end":{"line":56,"column":null}}],"line":54},"7":{"loc":{"start":{"line":59,"column":15},"end":{"line":59,"column":null}},"type":"cond-expr","locations":[{"start":{"line":59,"column":36},"end":{"line":59,"column":66}},{"start":{"line":59,"column":66},"end":{"line":59,"column":null}}],"line":59},"8":{"loc":{"start":{"line":71,"column":7},"end":{"line":80,"column":null}},"type":"cond-expr","locations":[{"start":{"line":72,"column":8},"end":{"line":76,"column":null}},{"start":{"line":78,"column":8},"end":{"line":80,"column":null}}],"line":71}},"s":{"0":5,"1":5,"2":5,"3":5,"4":5,"5":10,"6":5,"7":10,"8":10,"9":10,"10":10,"11":10,"12":10,"13":5,"14":2,"15":15,"16":0,"17":7},"f":{"0":5,"1":10,"2":10,"3":2,"4":15,"5":0,"6":7},"b":{"0":[10,0],"1":[10,0],"2":[10,0],"3":[10,0],"4":[10,3],"5":[10,10],"6":[5,10],"7":[5,10],"8":[4,1]},"meta":{"lastBranch":9,"lastFunction":7,"lastStatement":18,"seen":{"f:6:16:6:23":0,"s:7:16:7:Infinity":0,"s:8:46:8:Infinity":1,"s:9:36:9:Infinity":2,"s:10:12:10:Infinity":3,"s:12:21:12:Infinity":4,"f:12:61:12:66":1,"s:12:66:12:76":5,"s:14:24:25:Infinity":6,"f:14:37:14:45":2,"s:15:25:15:Infinity":7,"b:15:25:15:42:15:42:15:Infinity":0,"s:16:28:16:Infinity":8,"b:16:28:16:58:16:58:16:Infinity":1,"s:18:22:18:Infinity":9,"b:18:22:18:36:18:36:18:Infinity":2,"s:19:23:19:Infinity":10,"b:19:23:19:38:19:38:19:Infinity":3,"s:21:26:22:Infinity":11,"b:21:26:21:Infinity:22:25:22:Infinity":4,"s:24:4:24:Infinity":12,"b:24:11:24:30:24:30:24:Infinity":5,"s:27:2:82:Infinity":13,"f:41:20:41:21":3,"s:41:27:41:Infinity":14,"f:49:26:49:27":4,"s:50:12:60:Infinity":15,"f:52:23:52:29":5,"s:52:29:52:Infinity":16,"b:55:20:55:Infinity:56:20:56:Infinity":6,"b:59:36:59:66:59:66:59:Infinity":7,"b:72:8:76:Infinity:78:8:80:Infinity":8,"f:73:29:73:30":6,"s:74:12:74:Infinity":17},"fnNames":{}}}
,"C:\\Users\\natal\\Desktop\\sem6\\isi_zaf\\mini_ksiegarnia\\frontend\\src\\app\\pages\\Login.tsx": {"path":"C:\\Users\\natal\\Desktop\\sem6\\isi_zaf\\mini_ksiegarnia\\frontend\\src\\app\\pages\\Login.tsx","statementMap":{"0":{"start":{"line":15,"column":8},"end":{"line":15,"column":null}},"1":{"start":{"line":16,"column":57},"end":{"line":16,"column":null}},"2":{"start":{"line":17,"column":12},"end":{"line":17,"column":null}},"3":{"start":{"line":19,"column":34},"end":{"line":19,"column":null}},"4":{"start":{"line":20,"column":24},"end":{"line":20,"column":null}},"5":{"start":{"line":21,"column":28},"end":{"line":21,"column":null}},"6":{"start":{"line":28,"column":2},"end":{"line":28,"column":null}},"7":{"start":{"line":30,"column":19},"end":{"line":47,"column":null}},"8":{"start":{"line":31,"column":4},"end":{"line":31,"column":null}},"9":{"start":{"line":32,"column":4},"end":{"line":32,"column":null}},"10":{"start":{"line":34,"column":4},"end":{"line":46,"column":null}},"11":{"start":{"line":35,"column":6},"end":{"line":39,"column":null}},"12":{"start":{"line":36,"column":8},"end":{"line":36,"column":null}},"13":{"start":{"line":38,"column":8},"end":{"line":38,"column":null}},"14":{"start":{"line":41,"column":6},"end":{"line":41,"column":null}},"15":{"start":{"line":43,"column":6},"end":{"line":43,"column":null}},"16":{"start":{"line":45,"column":6},"end":{"line":45,"column":null}},"17":{"start":{"line":49,"column":21},"end":{"line":53,"column":null}},"18":{"start":{"line":50,"column":4},"end":{"line":50,"column":null}},"19":{"start":{"line":50,"column":28},"end":{"line":50,"column":33}},"20":{"start":{"line":51,"column":4},"end":{"line":51,"column":null}},"21":{"start":{"line":52,"column":4},"end":{"line":52,"column":null}},"22":{"start":{"line":55,"column":2},"end":{"line":217,"column":null}},"23":{"start":{"line":86,"column":24},"end":{"line":86,"column":null}},"24":{"start":{"line":86,"column":41},"end":{"line":86,"column":null}},"25":{"start":{"line":87,"column":24},"end":{"line":89,"column":null}},"26":{"start":{"line":192,"column":29},"end":{"line":192,"column":null}}},"fnMap":{"0":{"name":"Login","decl":{"start":{"line":14,"column":16},"end":{"line":14,"column":24}},"loc":{"start":{"line":14,"column":24},"end":{"line":219,"column":null}},"line":14},"1":{"name":"(anonymous_1)","decl":{"start":{"line":30,"column":19},"end":{"line":30,"column":26}},"loc":{"start":{"line":30,"column":46},"end":{"line":47,"column":null}},"line":30},"2":{"name":"(anonymous_2)","decl":{"start":{"line":49,"column":21},"end":{"line":49,"column":27}},"loc":{"start":{"line":49,"column":27},"end":{"line":53,"column":null}},"line":49},"3":{"name":"(anonymous_3)","decl":{"start":{"line":50,"column":18},"end":{"line":50,"column":19}},"loc":{"start":{"line":50,"column":28},"end":{"line":50,"column":33}},"line":50},"4":{"name":"(anonymous_4)","decl":{"start":{"line":85,"column":32},"end":{"line":85,"column":33}},"loc":{"start":{"line":85,"column":43},"end":{"line":90,"column":null}},"line":85},"5":{"name":"(anonymous_5)","decl":{"start":{"line":192,"column":23},"end":{"line":192,"column":29}},"loc":{"start":{"line":192,"column":29},"end":{"line":192,"column":null}},"line":192}},"branchMap":{"0":{"loc":{"start":{"line":35,"column":6},"end":{"line":39,"column":null}},"type":"if","locations":[{"start":{"line":35,"column":6},"end":{"line":39,"column":null}},{"start":{"line":37,"column":13},"end":{"line":39,"column":null}}],"line":35},"1":{"loc":{"start":{"line":36,"column":54},"end":{"line":36,"column":69}},"type":"binary-expr","locations":[{"start":{"line":36,"column":54},"end":{"line":36,"column":67}},{"start":{"line":36,"column":67},"end":{"line":36,"column":69}}],"line":36},"2":{"loc":{"start":{"line":65,"column":15},"end":{"line":65,"column":null}},"type":"cond-expr","locations":[{"start":{"line":65,"column":28},"end":{"line":65,"column":54}},{"start":{"line":65,"column":54},"end":{"line":65,"column":null}}],"line":65},"3":{"loc":{"start":{"line":69,"column":15},"end":{"line":69,"column":null}},"type":"cond-expr","locations":[{"start":{"line":69,"column":28},"end":{"line":69,"column":57}},{"start":{"line":69,"column":57},"end":{"line":69,"column":null}}],"line":69},"4":{"loc":{"start":{"line":74,"column":13},"end":{"line":102,"column":null}},"type":"binary-expr","locations":[{"start":{"line":74,"column":13},"end":{"line":74,"column":null}},{"start":{"line":75,"column":14},"end":{"line":102,"column":null}}],"line":74},"5":{"loc":{"start":{"line":86,"column":24},"end":{"line":86,"column":null}},"type":"if","locations":[{"start":{"line":86,"column":24},"end":{"line":86,"column":null}},{"start":{},"end":{}}],"line":86},"6":{"loc":{"start":{"line":87,"column":31},"end":{"line":89,"column":null}},"type":"cond-expr","locations":[{"start":{"line":88,"column":28},"end":{"line":88,"column":null}},{"start":{"line":89,"column":28},"end":{"line":89,"column":null}}],"line":87},"7":{"loc":{"start":{"line":97,"column":17},"end":{"line":100,"column":null}},"type":"binary-expr","locations":[{"start":{"line":97,"column":17},"end":{"line":97,"column":null}},{"start":{"line":98,"column":18},"end":{"line":100,"column":null}}],"line":97},"8":{"loc":{"start":{"line":126,"column":15},"end":{"line":129,"column":null}},"type":"binary-expr","locations":[{"start":{"line":126,"column":15},"end":{"line":126,"column":null}},{"start":{"line":127,"column":16},"end":{"line":129,"column":null}}],"line":126},"9":{"loc":{"start":{"line":155,"column":15},"end":{"line":158,"column":null}},"type":"binary-expr","locations":[{"start":{"line":155,"column":15},"end":{"line":155,"column":null}},{"start":{"line":156,"column":16},"end":{"line":158,"column":null}}],"line":155},"10":{"loc":{"start":{"line":162,"column":13},"end":{"line":165,"column":null}},"type":"binary-expr","locations":[{"start":{"line":162,"column":13},"end":{"line":162,"column":null}},{"start":{"line":163,"column":14},"end":{"line":165,"column":null}}],"line":162},"11":{"loc":{"start":{"line":173,"column":15},"end":{"line":177,"column":null}},"type":"cond-expr","locations":[{"start":{"line":174,"column":18},"end":{"line":174,"column":null}},{"start":{"line":175,"column":18},"end":{"line":177,"column":null}}],"line":173},"12":{"loc":{"start":{"line":175,"column":18},"end":{"line":177,"column":null}},"type":"cond-expr","locations":[{"start":{"line":176,"column":20},"end":{"line":176,"column":null}},{"start":{"line":177,"column":20},"end":{"line":177,"column":null}}],"line":175},"13":{"loc":{"start":{"line":212,"column":15},"end":{"line":212,"column":null}},"type":"cond-expr","locations":[{"start":{"line":212,"column":28},"end":{"line":212,"column":52}},{"start":{"line":212,"column":52},"end":{"line":212,"column":null}}],"line":212}},"s":{"0":3,"1":3,"2":3,"3":3,"4":3,"5":3,"6":3,"7":3,"8":0,"9":0,"10":0,"11":0,"12":0,"13":0,"14":0,"15":0,"16":0,"17":3,"18":0,"19":0,"20":0,"21":0,"22":3,"23":0,"24":0,"25":0,"26":0},"f":{"0":3,"1":0,"2":0,"3":0,"4":0,"5":0},"b":{"0":[0,0],"1":[0,0],"2":[0,3],"3":[0,3],"4":[3,0],"5":[0,0],"6":[0,0],"7":[0,0],"8":[3,0],"9":[3,0],"10":[3,0],"11":[0,3],"12":[0,3],"13":[0,3]},"meta":{"lastBranch":14,"lastFunction":6,"lastStatement":27,"seen":{"f:14:16:14:24":0,"s:15:8:15:Infinity":0,"s:16:57:16:Infinity":1,"s:17:12:17:Infinity":2,"s:19:34:19:Infinity":3,"s:20:24:20:Infinity":4,"s:21:28:21:Infinity":5,"s:28:2:28:Infinity":6,"s:30:19:47:Infinity":7,"f:30:19:30:26":1,"s:31:4:31:Infinity":8,"s:32:4:32:Infinity":9,"s:34:4:46:Infinity":10,"b:35:6:39:Infinity:37:13:39:Infinity":0,"s:35:6:39:Infinity":11,"s:36:8:36:Infinity":12,"b:36:54:36:67:36:67:36:69":1,"s:38:8:38:Infinity":13,"s:41:6:41:Infinity":14,"s:43:6:43:Infinity":15,"s:45:6:45:Infinity":16,"s:49:21:53:Infinity":17,"f:49:21:49:27":2,"s:50:4:50:Infinity":18,"f:50:18:50:19":3,"s:50:28:50:33":19,"s:51:4:51:Infinity":20,"s:52:4:52:Infinity":21,"s:55:2:217:Infinity":22,"b:65:28:65:54:65:54:65:Infinity":2,"b:69:28:69:57:69:57:69:Infinity":3,"b:74:13:74:Infinity:75:14:102:Infinity":4,"f:85:32:85:33":4,"b:86:24:86:Infinity:undefined:undefined:undefined:undefined":5,"s:86:24:86:Infinity":23,"s:86:41:86:Infinity":24,"s:87:24:89:Infinity":25,"b:88:28:88:Infinity:89:28:89:Infinity":6,"b:97:17:97:Infinity:98:18:100:Infinity":7,"b:126:15:126:Infinity:127:16:129:Infinity":8,"b:155:15:155:Infinity:156:16:158:Infinity":9,"b:162:13:162:Infinity:163:14:165:Infinity":10,"b:174:18:174:Infinity:175:18:177:Infinity":11,"b:176:20:176:Infinity:177:20:177:Infinity":12,"f:192:23:192:29":5,"s:192:29:192:Infinity":26,"b:212:28:212:52:212:52:212:Infinity":13},"fnNames":{}}}
}
